[2025-12-24 19:03:47] [PID:5754] [INFO] [Input] process_In.c:49 (main) - Starting Input Process (PID=5754)
[2025-12-24 19:03:48] [PID:5755] [INFO] [BlackBoard] BlackBoard.c:375 (main) - Received drone coordinates:
[2025-12-24 19:03:48] [PID:5755] [INFO] [BlackBoard] BlackBoard.c:375 (main) - Received drone coordinates:
[2025-12-24 19:03:49] [PID:5755] [INFO] [BlackBoard] BlackBoard.c:375 (main) - Received drone coordinates:
[2025-12-24 19:03:49] [PID:5755] [INFO] [BlackBoard] BlackBoard.c:375 (main) - Received drone coordinates:
[2025-12-24 19:03:49] [PID:5755] [INFO] [BlackBoard] BlackBoard.c:375 (main) - Received drone coordinates:
[2025-12-24 19:03:49] [PID:5755] [INFO] [BlackBoard] BlackBoard.c:375 (main) - Received drone coordinates:
[2025-12-24 19:03:49] [PID:5755] [INFO] [BlackBoard] BlackBoard.c:375 (main) - Received drone coordinates:
[2025-12-24 19:03:49] [PID:5755] [INFO] [BlackBoard] BlackBoard.c:375 (main) - Received drone coordinates:
[2025-12-24 19:03:49] [PID:5755] [INFO] [BlackBoard] BlackBoard.c:375 (main) - Received drone coordinates:
[2025-12-24 19:03:49] [PID:5755] [INFO] [BlackBoard] BlackBoard.c:375 (main) - Received drone coordinates:
[2025-12-24 19:03:49] [PID:5755] [INFO] [BlackBoard] BlackBoard.c:375 (main) - Received drone coordinates:
[2025-12-24 19:03:49] [PID:5755] [INFO] [BlackBoard] BlackBoard.c:375 (main) - Received drone coordinates:
[2025-12-24 19:03:49] [PID:5755] [INFO] [BlackBoard] BlackBoard.c:375 (main) - Received drone coordinates:
[2025-12-24 19:03:49] [PID:5755] [INFO] [BlackBoard] BlackBoard.c:375 (main) - Received drone coordinates:
[2025-12-24 19:03:49] [PID:5755] [INFO] [BlackBoard] BlackBoard.c:375 (main) - Received drone coordinates:
[2025-12-24 19:03:49] [PID:5755] [INFO] [BlackBoard] BlackBoard.c:375 (main) - Received drone coordinates:
[2025-12-24 19:03:49] [PID:5755] [INFO] [BlackBoard] BlackBoard.c:375 (main) - Received drone coordinates:
[2025-12-24 19:03:49] [PID:5755] [INFO] [BlackBoard] BlackBoard.c:375 (main) - Received drone coordinates:
[2025-12-24 19:03:50] [PID:5755] [INFO] [BlackBoard] BlackBoard.c:375 (main) - Received drone coordinates:
[2025-12-24 19:03:50] [PID:5755] [INFO] [BlackBoard] BlackBoard.c:375 (main) - Received drone coordinates:
[2025-12-24 19:03:50] [PID:5755] [INFO] [BlackBoard] BlackBoard.c:375 (main) - Received drone coordinates:
[2025-12-24 19:03:50] [PID:5755] [INFO] [BlackBoard] BlackBoard.c:375 (main) - Received drone coordinates:
[2025-12-24 19:03:50] [PID:5755] [INFO] [BlackBoard] BlackBoard.c:375 (main) - Received drone coordinates:
[2025-12-24 19:03:50] [PID:5755] [INFO] [BlackBoard] BlackBoard.c:375 (main) - Received drone coordinates:
[2025-12-24 19:03:50] [PID:5755] [INFO] [BlackBoard] BlackBoard.c:375 (main) - Received drone coordinates:
[2025-12-24 19:03:50] [PID:5755] [INFO] [BlackBoard] BlackBoard.c:375 (main) - Received drone coordinates:
[2025-12-24 19:03:50] [PID:5755] [INFO] [BlackBoard] BlackBoard.c:375 (main) - Received drone coordinates:
[2025-12-24 19:03:50] [PID:5755] [INFO] [BlackBoard] BlackBoard.c:375 (main) - Received drone coordinates:
[2025-12-24 19:03:50] [PID:5755] [INFO] [BlackBoard] BlackBoard.c:375 (main) - Received drone coordinates:
[2025-12-24 19:03:50] [PID:5755] [INFO] [BlackBoard] BlackBoard.c:375 (main) - Received drone coordinates:
[2025-12-24 19:03:50] [PID:5755] [INFO] [BlackBoard] BlackBoard.c:375 (main) - Received drone coordinates:
[2025-12-24 19:03:50] [PID:5755] [INFO] [BlackBoard] BlackBoard.c:375 (main) - Received drone coordinates:
[2025-12-24 19:03:50] [PID:5755] [INFO] [BlackBoard] BlackBoard.c:375 (main) - Received drone coordinates:
[2025-12-24 19:03:50] [PID:5755] [INFO] [BlackBoard] BlackBoard.c:375 (main) - Received drone coordinates:
[2025-12-24 19:03:57] [PID:5755] [INFO] [BlackBoard] BlackBoard.c:375 (main) - Received drone coordinates:
[2025-12-24 19:03:58] [PID:5755] [INFO] [BlackBoard] BlackBoard.c:375 (main) - Received drone coordinates:
[2025-12-24 19:03:58] [PID:5755] [INFO] [BlackBoard] BlackBoard.c:391 (main) - Received obstacle coordinates:
[2025-12-24 19:03:58] [PID:5755] [INFO] [BlackBoard] BlackBoard.c:423 (main) - Received target coordinates:
[2025-12-24 19:03:58] [PID:5755] [INFO] [BlackBoard] BlackBoard.c:375 (main) - Received drone coordinates:
[2025-12-24 19:03:58] [PID:5755] [INFO] [BlackBoard] BlackBoard.c:375 (main) - Received drone coordinates:
[2025-12-24 19:04:03] [PID:5755] [INFO] [BlackBoard] BlackBoard.c:375 (main) - Received drone coordinates:
[2025-12-24 19:04:03] [PID:5755] [INFO] [BlackBoard] BlackBoard.c:391 (main) - Received obstacle coordinates:
[2025-12-24 19:04:00] [PID:5720] [INFO] [Drone] process_Drone.c:264 (main) - Received key inputs
[2025-12-24 19:04:03] [PID:5755] [INFO] [BlackBoard] BlackBoard.c:375 (main) - Received drone coordinates:
[2025-12-24 19:04:03] [PID:5755] [INFO] [BlackBoard] BlackBoard.c:391 (main) - Received obstacle coordinates:
[2025-12-24 19:04:03] [PID:5755] [INFO] [BlackBoard] BlackBoard.c:423 (main) - Received target coordinates:
[2025-12-24 19:04:03] [PID:5755] [INFO] [BlackBoard] BlackBoard.c:375 (main) - Received drone coordinates:
[2025-12-24 19:04:03] [PID:5755] [INFO] [BlackBoard] BlackBoard.c:375 (main) - Received drone coordinates:
[2025-12-24 19:04:03] [PID:5755] [INFO] [BlackBoard] BlackBoard.c:375 (main) - Received drone coordinates:
[2025-12-24 19:04:03] [PID:5755] [INFO] [BlackBoard] BlackBoard.c:375 (main) - Received drone coordinates:
[2025-12-24 19:04:03] [PID:5755] [INFO] [BlackBoard] BlackBoard.c:375 (main) - Received drone coordinates:
[2025-12-24 19:04:03] [PID:5755] [INFO] [BlackBoard] BlackBoard.c:375 (main) - Received drone coordinates:
[2025-12-24 19:04:03] [PID:5755] [INFO] [BlackBoard] BlackBoard.c:375 (main) - Received drone coordinates:
[2025-12-24 19:04:03] [PID:5755] [INFO] [BlackBoard] BlackBoard.c:375 (main) - Received drone coordinates:
[2025-12-24 19:04:03] [PID:5755] [INFO] [BlackBoard] BlackBoard.c:375 (main) - Received drone coordinates:
[2025-12-24 19:04:03] [PID:5755] [INFO] [BlackBoard] BlackBoard.c:375 (main) - Received drone coordinates:
[2025-12-24 19:04:03] [PID:5755] [INFO] [BlackBoard] BlackBoard.c:375 (main) - Received drone coordinates:
[2025-12-24 19:04:04] [PID:5755] [INFO] [BlackBoard] BlackBoard.c:375 (main) - Received drone coordinates:
[2025-12-24 19:04:04] [PID:5755] [INFO] [BlackBoard] BlackBoard.c:375 (main) - Received drone coordinates:
[2025-12-24 19:04:04] [PID:5755] [INFO] [BlackBoard] BlackBoard.c:375 (main) - Received drone coordinates:
[2025-12-24 19:04:04] [PID:5755] [INFO] [BlackBoard] BlackBoard.c:375 (main) - Received drone coordinates:
[2025-12-24 19:04:04] [PID:5755] [INFO] [BlackBoard] BlackBoard.c:375 (main) - Received drone coordinates:
[2025-12-24 19:04:04] [PID:5755] [INFO] [BlackBoard] BlackBoard.c:375 (main) - Received drone coordinates:
[2025-12-24 19:04:04] [PID:5755] [INFO] [BlackBoard] BlackBoard.c:375 (main) - Received drone coordinates:
[2025-12-24 19:04:04] [PID:5755] [INFO] [BlackBoard] BlackBoard.c:375 (main) - Received drone coordinates:
[2025-12-24 19:04:04] [PID:5755] [INFO] [BlackBoard] BlackBoard.c:375 (main) - Received drone coordinates:
[2025-12-24 19:04:04] [PID:5755] [INFO] [BlackBoard] BlackBoard.c:375 (main) - Received drone coordinates:
[2025-12-24 19:04:04] [PID:5755] [INFO] [BlackBoard] BlackBoard.c:375 (main) - Received drone coordinates:
[2025-12-24 19:04:04] [PID:5755] [INFO] [BlackBoard] BlackBoard.c:375 (main) - Received drone coordinates:
[2025-12-24 19:04:04] [PID:5755] [INFO] [BlackBoard] BlackBoard.c:375 (main) - Received drone coordinates:
[2025-12-24 19:04:04] [PID:5755] [INFO] [BlackBoard] BlackBoard.c:375 (main) - Received drone coordinates:
[2025-12-24 19:04:04] [PID:5755] [INFO] [BlackBoard] BlackBoard.c:375 (main) - Received drone coordinates:
[2025-12-24 19:04:04] [PID:5755] [INFO] [BlackBoard] BlackBoard.c:375 (main) - Received drone coordinates:
[2025-12-24 19:04:05] [PID:5755] [INFO] [BlackBoard] BlackBoard.c:375 (main) - Received drone coordinates:
[2025-12-24 19:04:05] [PID:5755] [INFO] [BlackBoard] BlackBoard.c:375 (main) - Received drone coordinates:
[2025-12-24 19:04:05] [PID:5755] [INFO] [BlackBoard] BlackBoard.c:375 (main) - Received drone coordinates:
[2025-12-24 19:04:05] [PID:5755] [INFO] [BlackBoard] BlackBoard.c:375 (main) - Received drone coordinates:
[2025-12-24 19:04:05] [PID:5755] [INFO] [BlackBoard] BlackBoard.c:375 (main) - Received drone coordinates:
[2025-12-24 19:04:05] [PID:5755] [INFO] [BlackBoard] BlackBoard.c:375 (main) - Received drone coordinates:
[2025-12-24 19:04:05] [PID:5755] [INFO] [BlackBoard] BlackBoard.c:375 (main) - Received drone coordinates:
[2025-12-24 19:04:05] [PID:5755] [INFO] [BlackBoard] BlackBoard.c:375 (main) - Received drone coordinates:
[2025-12-24 19:04:05] [PID:5755] [INFO] [BlackBoard] BlackBoard.c:375 (main) - Received drone coordinates:
[2025-12-24 19:04:05] [PID:5755] [INFO] [BlackBoard] BlackBoard.c:375 (main) - Received drone coordinates:
[2025-12-24 19:04:05] [PID:5755] [INFO] [BlackBoard] BlackBoard.c:375 (main) - Received drone coordinates:
[2025-12-24 19:04:05] [PID:5755] [INFO] [BlackBoard] BlackBoard.c:375 (main) - Received drone coordinates:
[2025-12-24 19:04:05] [PID:5755] [INFO] [BlackBoard] BlackBoard.c:375 (main) - Received drone coordinates:
[2025-12-24 19:04:05] [PID:5755] [INFO] [BlackBoard] BlackBoard.c:375 (main) - Received drone coordinates:
[2025-12-24 19:04:05] [PID:5755] [INFO] [BlackBoard] BlackBoard.c:375 (main) - Received drone coordinates:
[2025-12-24 19:04:05] [PID:5755] [INFO] [BlackBoard] BlackBoard.c:375 (main) - Received drone coordinates:
[2025-12-24 19:04:06] [PID:5755] [INFO] [BlackBoard] BlackBoard.c:375 (main) - Received drone coordinates:
[2025-12-24 19:04:13] [PID:5755] [INFO] [BlackBoard] BlackBoard.c:375 (main) - Received drone coordinates:
[2025-12-24 19:04:13] [PID:5755] [INFO] [BlackBoard] BlackBoard.c:375 (main) - Received drone coordinates:
[2025-12-24 19:04:07] [PID:5720] [INFO] [Drone] process_Drone.c:264 (main) - Received key inputs
[2025-12-24 19:04:12] [PID:5720] [INFO] [Drone] process_Drone.c:264 (main) - Received key inputs
[2025-12-24 19:04:13] [PID:5755] [INFO] [BlackBoard] BlackBoard.c:375 (main) - Received drone coordinates:
[2025-12-24 19:04:13] [PID:5755] [INFO] [BlackBoard] BlackBoard.c:391 (main) - Received obstacle coordinates:
[2025-12-24 19:04:13] [PID:5755] [INFO] [BlackBoard] BlackBoard.c:423 (main) - Received target coordinates:
[2025-12-24 19:04:13] [PID:5755] [INFO] [BlackBoard] BlackBoard.c:375 (main) - Received drone coordinates:
[2025-12-24 19:04:13] [PID:5755] [INFO] [BlackBoard] BlackBoard.c:375 (main) - Received drone coordinates:
[2025-12-24 19:04:13] [PID:5755] [INFO] [BlackBoard] BlackBoard.c:375 (main) - Received drone coordinates:
[2025-12-24 19:04:13] [PID:5720] [INFO] [Drone] process_Drone.c:264 (main) - Received key inputs
[2025-12-24 19:04:13] [PID:5755] [INFO] [BlackBoard] BlackBoard.c:375 (main) - Received drone coordinates:
[2025-12-24 19:04:13] [PID:5755] [INFO] [BlackBoard] BlackBoard.c:375 (main) - Received drone coordinates:
[2025-12-24 19:04:13] [PID:5755] [INFO] [BlackBoard] BlackBoard.c:375 (main) - Received drone coordinates:
[2025-12-24 19:04:13] [PID:5755] [INFO] [BlackBoard] BlackBoard.c:375 (main) - Received drone coordinates:
[2025-12-24 19:04:13] [PID:5755] [INFO] [BlackBoard] BlackBoard.c:375 (main) - Received drone coordinates:
[2025-12-24 19:04:13] [PID:5755] [INFO] [BlackBoard] BlackBoard.c:375 (main) - Received drone coordinates:
[2025-12-24 19:04:13] [PID:5755] [INFO] [BlackBoard] BlackBoard.c:375 (main) - Received drone coordinates:
[2025-12-24 19:04:13] [PID:5755] [INFO] [BlackBoard] BlackBoard.c:375 (main) - Received drone coordinates:
[2025-12-24 19:04:13] [PID:5755] [INFO] [BlackBoard] BlackBoard.c:375 (main) - Received drone coordinates:
[2025-12-24 19:04:13] [PID:5755] [INFO] [BlackBoard] BlackBoard.c:375 (main) - Received drone coordinates:
[2025-12-24 19:04:14] [PID:5755] [INFO] [BlackBoard] BlackBoard.c:375 (main) - Received drone coordinates:
[2025-12-24 19:04:14] [PID:5755] [INFO] [BlackBoard] BlackBoard.c:375 (main) - Received drone coordinates:
[2025-12-24 19:04:14] [PID:5720] [INFO] [Drone] process_Drone.c:293 (main) - Received repulsion inputs
[2025-12-24 19:04:14] [PID:5755] [INFO] [BlackBoard] BlackBoard.c:375 (main) - Received drone coordinates:
[2025-12-24 19:04:14] [PID:5720] [INFO] [Drone] process_Drone.c:293 (main) - Received repulsion inputs
[2025-12-24 19:04:14] [PID:5755] [INFO] [BlackBoard] BlackBoard.c:375 (main) - Received drone coordinates:
[2025-12-24 19:04:14] [PID:5755] [INFO] [BlackBoard] BlackBoard.c:375 (main) - Received drone coordinates:
[2025-12-24 19:04:14] [PID:5755] [INFO] [BlackBoard] BlackBoard.c:375 (main) - Received drone coordinates:
[2025-12-24 19:04:14] [PID:5755] [INFO] [BlackBoard] BlackBoard.c:375 (main) - Received drone coordinates:
[2025-12-24 19:04:14] [PID:5755] [INFO] [BlackBoard] BlackBoard.c:375 (main) - Received drone coordinates:
[2025-12-24 19:04:14] [PID:5755] [INFO] [BlackBoard] BlackBoard.c:375 (main) - Received drone coordinates:
[2025-12-24 19:04:14] [PID:5755] [INFO] [BlackBoard] BlackBoard.c:375 (main) - Received drone coordinates:
[2025-12-24 19:04:14] [PID:5755] [INFO] [BlackBoard] BlackBoard.c:375 (main) - Received drone coordinates:
[2025-12-24 19:04:14] [PID:5755] [INFO] [BlackBoard] BlackBoard.c:375 (main) - Received drone coordinates:
[2025-12-24 19:04:14] [PID:5755] [INFO] [BlackBoard] BlackBoard.c:375 (main) - Received drone coordinates:
[2025-12-24 19:04:14] [PID:5755] [INFO] [BlackBoard] BlackBoard.c:375 (main) - Received drone coordinates:
[2025-12-24 19:04:14] [PID:5755] [INFO] [BlackBoard] BlackBoard.c:375 (main) - Received drone coordinates:
[2025-12-24 19:04:14] [PID:5755] [INFO] [BlackBoard] BlackBoard.c:375 (main) - Received drone coordinates:
[2025-12-24 19:04:15] [PID:5755] [INFO] [BlackBoard] BlackBoard.c:375 (main) - Received drone coordinates:
[2025-12-24 19:04:15] [PID:5755] [INFO] [BlackBoard] BlackBoard.c:375 (main) - Received drone coordinates:
[2025-12-24 19:04:15] [PID:5755] [INFO] [BlackBoard] BlackBoard.c:375 (main) - Received drone coordinates:
[2025-12-24 19:04:15] [PID:5755] [INFO] [BlackBoard] BlackBoard.c:375 (main) - Received drone coordinates:
[2025-12-24 19:04:15] [PID:5755] [INFO] [BlackBoard] BlackBoard.c:375 (main) - Received drone coordinates:
[2025-12-24 19:04:15] [PID:5755] [INFO] [BlackBoard] BlackBoard.c:375 (main) - Received drone coordinates:
[2025-12-24 19:04:15] [PID:5755] [INFO] [BlackBoard] BlackBoard.c:375 (main) - Received drone coordinates:
[2025-12-24 19:04:15] [PID:5720] [INFO] [Drone] process_Drone.c:280 (main) - Received key inputs
[2025-12-24 19:04:15] [PID:5720] [INFO] [Drone] process_Drone.c:293 (main) - Received repulsion inputs
[2025-12-24 19:04:15] [PID:5755] [INFO] [BlackBoard] BlackBoard.c:375 (main) - Received drone coordinates:
[2025-12-24 19:04:15] [PID:5720] [INFO] [Drone] process_Drone.c:293 (main) - Received repulsion inputs
[2025-12-24 19:04:15] [PID:5755] [INFO] [BlackBoard] BlackBoard.c:375 (main) - Received drone coordinates:
[2025-12-24 19:04:15] [PID:5720] [INFO] [Drone] process_Drone.c:293 (main) - Received repulsion inputs
[2025-12-24 19:04:15] [PID:5755] [INFO] [BlackBoard] BlackBoard.c:375 (main) - Received drone coordinates:
[2025-12-24 19:04:15] [PID:5755] [INFO] [BlackBoard] BlackBoard.c:375 (main) - Received drone coordinates:
[2025-12-24 19:04:15] [PID:5755] [INFO] [BlackBoard] BlackBoard.c:375 (main) - Received drone coordinates:
[2025-12-24 19:04:15] [PID:5755] [INFO] [BlackBoard] BlackBoard.c:375 (main) - Received drone coordinates:
[2025-12-24 19:04:15] [PID:5720] [INFO] [Drone] process_Drone.c:280 (main) - Received key inputs
[2025-12-24 19:04:15] [PID:5720] [INFO] [Drone] process_Drone.c:293 (main) - Received repulsion inputs
[2025-12-24 19:04:15] [PID:5755] [INFO] [BlackBoard] BlackBoard.c:375 (main) - Received drone coordinates:
[2025-12-24 19:04:15] [PID:5755] [INFO] [BlackBoard] BlackBoard.c:375 (main) - Received drone coordinates:
[2025-12-24 19:04:15] [PID:5755] [INFO] [BlackBoard] BlackBoard.c:375 (main) - Received drone coordinates:
[2025-12-24 19:04:16] [PID:5755] [INFO] [BlackBoard] BlackBoard.c:375 (main) - Received drone coordinates:
[2025-12-24 19:04:23] [PID:5755] [INFO] [BlackBoard] BlackBoard.c:375 (main) - Received drone coordinates:
[2025-12-24 19:04:23] [PID:5755] [INFO] [BlackBoard] BlackBoard.c:375 (main) - Received drone coordinates:
[2025-12-24 19:04:23] [PID:5755] [INFO] [BlackBoard] BlackBoard.c:391 (main) - Received obstacle coordinates:
[2025-12-24 19:04:16] [PID:5720] [INFO] [Drone] process_Drone.c:264 (main) - Received key inputs
[2025-12-24 19:04:17] [PID:5720] [INFO] [Drone] process_Drone.c:264 (main) - Received key inputs
[2025-12-24 19:04:17] [PID:5720] [INFO] [Drone] process_Drone.c:264 (main) - Received key inputs
[2025-12-24 19:04:17] [PID:5718] [INFO] [Obstacles] process_Ob.c:136 (main) - Termination signal received. Exiting main loop.
[2025-12-24 19:04:17] [PID:5719] [INFO] [Targets] process_Ta.c:135 (main) - Termination signal received. Exiting main loop.
