[Wed Dec 24 19:04:03 2025] --- Health Check Cycle #1 ---
[Wed Dec 24 19:04:03 2025] Checking 'Obstacles' (PID=5718)...
[Wed Dec 24 19:04:03 2025] ✓ 'Obstacles' (PID=5718) is ALIVE
[Wed Dec 24 19:04:03 2025] Checking 'Targets' (PID=5719)...
[Wed Dec 24 19:04:03 2025] ✓ 'Targets' (PID=5719) is ALIVE
[Wed Dec 24 19:04:03 2025] Checking 'Drone' (PID=5720)...
[Wed Dec 24 19:04:03 2025] ✓ 'Drone' (PID=5720) is ALIVE
[Wed Dec 24 19:04:03 2025] Checking 'BlackBoard' (PID=5755)...
[Wed Dec 24 19:04:03 2025] ✓ 'BlackBoard' (PID=5755) is ALIVE
[Wed Dec 24 19:04:03 2025] Checking 'Input' (PID=5754)...
[Wed Dec 24 19:04:03 2025] ✓ 'Input' (PID=5754) is ALIVE
[Wed Dec 24 19:04:05 2025] --- Health Check Cycle #2 ---
[Wed Dec 24 19:04:05 2025] Checking 'Obstacles' (PID=5718)...
[Wed Dec 24 19:04:05 2025] ✓ 'Obstacles' (PID=5718) is ALIVE
[Wed Dec 24 19:04:05 2025] Checking 'Targets' (PID=5719)...
[Wed Dec 24 19:04:05 2025] ✓ 'Targets' (PID=5719) is ALIVE
[Wed Dec 24 19:04:05 2025] Checking 'Drone' (PID=5720)...
[Wed Dec 24 19:04:05 2025] ✓ 'Drone' (PID=5720) is ALIVE
[Wed Dec 24 19:04:05 2025] Checking 'BlackBoard' (PID=5755)...
[Wed Dec 24 19:04:05 2025] ✓ 'BlackBoard' (PID=5755) is ALIVE
[Wed Dec 24 19:04:05 2025] Checking 'Input' (PID=5754)...
[Wed Dec 24 19:04:05 2025] ✓ 'Input' (PID=5754) is ALIVE
[Wed Dec 24 19:04:14 2025] --- Health Check Cycle #3 ---
[Wed Dec 24 19:04:14 2025] Checking 'Obstacles' (PID=5718)...
[Wed Dec 24 19:04:14 2025] ✓ 'Obstacles' (PID=5718) is ALIVE
[Wed Dec 24 19:04:14 2025] Checking 'Targets' (PID=5719)...
[Wed Dec 24 19:04:14 2025] ✓ 'Targets' (PID=5719) is ALIVE
[Wed Dec 24 19:04:14 2025] Checking 'Drone' (PID=5720)...
[Wed Dec 24 19:04:14 2025] ✓ 'Drone' (PID=5720) is ALIVE
[Wed Dec 24 19:04:14 2025] Checking 'BlackBoard' (PID=5755)...
[Wed Dec 24 19:04:14 2025] ✓ 'BlackBoard' (PID=5755) is ALIVE
[Wed Dec 24 19:04:14 2025] Checking 'Input' (PID=5754)...
[Wed Dec 24 19:04:14 2025] ✓ 'Input' (PID=5754) is ALIVE
[Wed Dec 24 19:04:17 2025] All Processes terminated by Master Process
[Wed Dec 24 19:04:17 2025] --- Health Check Cycle #4 ---
[Wed Dec 24 19:04:17 2025] Checking 'Obstacles' (PID=5718)...
